{"/Users/andresaiello/git/metamask/backend/src/controller/postController.ts": {"path":"/Users/andresaiello/git/metamask/backend/src/controller/postController.ts","statementMap":{"0":{"start":{"line":4,"column":2},"end":{"line":11,"column":4}},"1":{"start":{"line":5,"column":4},"end":{"line":10,"column":6}},"2":{"start":{"line":3,"column":0},"end":{"line":3,"column":13}}},"fnMap":{"0":{"name":"(anonymous_0)","decl":{"start":{"line":3,"column":0},"end":{"line":3,"column":13}},"loc":{"start":{"line":3,"column":0},"end":{"line":12,"column":1}}},"1":{"name":"(anonymous_1)","decl":{"start":{"line":4,"column":12},"end":{"line":4,"column":21}},"loc":{"start":{"line":4,"column":23},"end":{"line":11,"column":3}}}},"branchMap":{},"s":{"0":1,"1":1,"2":1},"f":{"0":1,"1":1},"b":{}}
}
